This is pdfTeX, Version 3.141592653-2.6-1.40.24 (TeX Live 2022) (preloaded format=pdflatex 2022.6.14)  14 JUN 2022 22:49
entering extended mode
 restricted \write18 enabled.
 %&-line parsing enabled.
**"C:/Users/sbzlm3/OneDrive - The University of Nottingham/Documents/SB Statistics Discussion Group/SBStatsRLatex/main.tex"
(c:/Users/sbzlm3/OneDrive - The University of Nottingham/Documents/SB Statistics Discussion Group/SBStatsRLatex/main.tex
LaTeX2e <2022-06-01> pre-release-0 (develop 2022-6-14 branch)
L3 programming layer <2022-06-02> (c:/Users/sbzlm3/AppData/Roaming/TinyTeX/texmf-dist/tex/latex/beamer/beamer.cls
Document Class: beamer 2022/05/17 v3.67 A class for typesetting presentations
(c:/Users/sbzlm3/AppData/Roaming/TinyTeX/texmf-dist/tex/latex/beamer/beamerbasemodes.sty (c:/Users/sbzlm3/AppData/Roaming/TinyTeX/texmf-dist/tex/latex/etoolbox/etoolbox.sty
Package: etoolbox 2020/10/05 v2.5k e-TeX tools for LaTeX (JAW)
\etb@tempcnta=\count185
)
\beamer@tempbox=\box51
\beamer@tempcount=\count186
\c@beamerpauses=\count187
(c:/Users/sbzlm3/AppData/Roaming/TinyTeX/texmf-dist/tex/latex/beamer/beamerbasedecode.sty
\beamer@slideinframe=\count188
\beamer@minimum=\count189
\beamer@decode@box=\box52
)
\beamer@commentbox=\box53
\beamer@modecount=\count190
) (c:/Users/sbzlm3/AppData/Roaming/TinyTeX/texmf-dist/tex/generic/iftex/iftex.sty
Package: iftex 2022/02/03 v1.0f TeX engine tests
)
\headdp=\dimen138
\footheight=\dimen139
\sidebarheight=\dimen140
\beamer@tempdim=\dimen141
\beamer@finalheight=\dimen142
\beamer@animht=\dimen143
\beamer@animdp=\dimen144
\beamer@animwd=\dimen145
\beamer@leftmargin=\dimen146
\beamer@rightmargin=\dimen147
\beamer@leftsidebar=\dimen148
\beamer@rightsidebar=\dimen149
\beamer@boxsize=\dimen150
\beamer@vboxoffset=\dimen151
\beamer@descdefault=\dimen152
\beamer@descriptionwidth=\dimen153
\beamer@lastskip=\skip47
\beamer@areabox=\box54
\beamer@animcurrent=\box55
\beamer@animshowbox=\box56
\beamer@sectionbox=\box57
\beamer@logobox=\box58
\beamer@linebox=\box59
\beamer@sectioncount=\count191
\beamer@subsubsectionmax=\count192
\beamer@subsectionmax=\count193
\beamer@sectionmax=\count194
\beamer@totalheads=\count195
\beamer@headcounter=\count196
\beamer@partstartpage=\count197
\beamer@sectionstartpage=\count198
\beamer@subsectionstartpage=\count199
\beamer@animationtempa=\count266
\beamer@animationtempb=\count267
\beamer@xpos=\count268
\beamer@ypos=\count269
\beamer@ypos@offset=\count270
\beamer@showpartnumber=\count271
\beamer@currentsubsection=\count272
\beamer@coveringdepth=\count273
\beamer@sectionadjust=\count274
\beamer@toclastsection=\count275
\beamer@tocsectionnumber=\count276
(c:/Users/sbzlm3/AppData/Roaming/TinyTeX/texmf-dist/tex/latex/beamer/beamerbaseoptions.sty (c:/Users/sbzlm3/AppData/Roaming/TinyTeX/texmf-dist/tex/latex/graphics/keyval.sty
Package: keyval 2022/05/29 v1.15 key=value parser (DPC)
\KV@toks@=\toks16
))
\beamer@paperwidth=\skip48
\beamer@paperheight=\skip49
(c:/Users/sbzlm3/AppData/Roaming/TinyTeX/texmf-dist/tex/latex/geometry/geometry.sty
Package: geometry 2020/01/02 v5.9 Page Geometry
(c:/Users/sbzlm3/AppData/Roaming/TinyTeX/texmf-dist/tex/generic/iftex/ifvtex.sty
Package: ifvtex 2019/10/25 v1.7 ifvtex legacy package. Use iftex instead.
)
\Gm@cnth=\count277
\Gm@cntv=\count278
\c@Gm@tempcnt=\count279
\Gm@bindingoffset=\dimen154
\Gm@wd@mp=\dimen155
\Gm@odd@mp=\dimen156
\Gm@even@mp=\dimen157
\Gm@layoutwidth=\dimen158
\Gm@layoutheight=\dimen159
\Gm@layouthoffset=\dimen160
\Gm@layoutvoffset=\dimen161
\Gm@dimlist=\toks17
) (c:/Users/sbzlm3/AppData/Roaming/TinyTeX/texmf-dist/tex/latex/pgf/math/pgfmath.sty (c:/Users/sbzlm3/AppData/Roaming/TinyTeX/texmf-dist/tex/latex/pgf/utilities/pgfrcs.sty (c:/Users/sbzlm3/AppData/Roaming/TinyTeX/texmf-dist/tex/generic/pgf/utilities/pgfutil-common.tex
\pgfutil@everybye=\toks18
\pgfutil@tempdima=\dimen162
\pgfutil@tempdimb=\dimen163
(c:/Users/sbzlm3/AppData/Roaming/TinyTeX/texmf-dist/tex/generic/pgf/utilities/pgfutil-common-lists.tex)) (c:/Users/sbzlm3/AppData/Roaming/TinyTeX/texmf-dist/tex/generic/pgf/utilities/pgfutil-latex.def
\pgfutil@abb=\box60
) (c:/Users/sbzlm3/AppData/Roaming/TinyTeX/texmf-dist/tex/generic/pgf/utilities/pgfrcs.code.tex (c:/Users/sbzlm3/AppData/Roaming/TinyTeX/texmf-dist/tex/generic/pgf/pgf.revision.tex)
Package: pgfrcs 2021/05/15 v3.1.9a (3.1.9a)
)) (c:/Users/sbzlm3/AppData/Roaming/TinyTeX/texmf-dist/tex/latex/pgf/utilities/pgfkeys.sty (c:/Users/sbzlm3/AppData/Roaming/TinyTeX/texmf-dist/tex/generic/pgf/utilities/pgfkeys.code.tex
\pgfkeys@pathtoks=\toks19
\pgfkeys@temptoks=\toks20
(c:/Users/sbzlm3/AppData/Roaming/TinyTeX/texmf-dist/tex/generic/pgf/utilities/pgfkeysfiltered.code.tex
\pgfkeys@tmptoks=\toks21
))) (c:/Users/sbzlm3/AppData/Roaming/TinyTeX/texmf-dist/tex/generic/pgf/math/pgfmath.code.tex (c:/Users/sbzlm3/AppData/Roaming/TinyTeX/texmf-dist/tex/generic/pgf/math/pgfmathcalc.code.tex (c:/Users/sbzlm3/AppData/Roaming/TinyTeX/texmf-dist/tex/generic/pgf/math/pgfmathutil.code.tex
\pgf@x=\dimen164
\pgf@xa=\dimen165
\pgf@xb=\dimen166
\pgf@xc=\dimen167
\pgf@y=\dimen168
\pgf@ya=\dimen169
\pgf@yb=\dimen170
\pgf@yc=\dimen171
\c@pgf@counta=\count280
\c@pgf@countb=\count281
\c@pgf@countc=\count282
\c@pgf@countd=\count283
) (c:/Users/sbzlm3/AppData/Roaming/TinyTeX/texmf-dist/tex/generic/pgf/math/pgfmathparser.code.tex
\pgfmath@dimen=\dimen172
\pgfmath@count=\count284
\pgfmath@box=\box61
\pgfmath@toks=\toks22
\pgfmath@stack@operand=\toks23
\pgfmath@stack@operation=\toks24
) (c:/Users/sbzlm3/AppData/Roaming/TinyTeX/texmf-dist/tex/generic/pgf/math/pgfmathfunctions.code.tex (c:/Users/sbzlm3/AppData/Roaming/TinyTeX/texmf-dist/tex/generic/pgf/math/pgfmathfunctions.basic.code.tex) (c:/Users/sbzlm3/AppData/Roaming/TinyTeX/texmf-dist/tex/generic/pgf/math/pgfmathfunctions.trigonometric.code.tex) (c:/Users/sbzlm3/AppData/Roaming/TinyTeX/texmf-dist/tex/generic/pgf/math/pgfmathfunctions.random.code.tex) (c:/Users/sbzlm3/AppData/Roaming/TinyTeX/texmf-dist/tex/generic/pgf/math/pgfmathfunctions.comparison.code.tex) (c:/Users/sbzlm3/AppData/Roaming/TinyTeX/texmf-dist/tex/generic/pgf/math/pgfmathfunctions.base.code.tex) (c:/Users/sbzlm3/AppData/Roaming/TinyTeX/texmf-dist/tex/generic/pgf/math/pgfmathfunctions.round.code.tex) (c:/Users/sbzlm3/AppData/Roaming/TinyTeX/texmf-dist/tex/generic/pgf/math/pgfmathfunctions.misc.code.tex) (c:/Users/sbzlm3/AppData/Roaming/TinyTeX/texmf-dist/tex/generic/pgf/math/pgfmathfunctions.integerarithmetics.code.tex))) (c:/Users/sbzlm3/AppData/Roaming/TinyTeX/texmf-dist/tex/generic/pgf/math/pgfmathfloat.code.tex
\c@pgfmathroundto@lastzeros=\count285
))) (c:/Users/sbzlm3/AppData/Roaming/TinyTeX/texmf-dist/tex/latex/base/fleqn.clo
File: fleqn.clo 2016/12/29 v1.2b Standard LaTeX option (flush left equations)
\mathindent=\skip50
Applying: [2015/01/01] Make \[ robust on input line 50.
LaTeX Info: Redefining \[ on input line 51.
Already applied: [0000/00/00] Make \[ robust on input line 62.
Applying: [2015/01/01] Make \] robust on input line 74.
LaTeX Info: Redefining \] on input line 75.
Already applied: [0000/00/00] Make \] robust on input line 83.
) (c:/Users/sbzlm3/AppData/Roaming/TinyTeX/texmf-dist/tex/latex/base/size11.clo
File: size11.clo 2021/10/04 v1.4n Standard LaTeX file (size option)
) (c:/Users/sbzlm3/AppData/Roaming/TinyTeX/texmf-dist/tex/latex/pgf/basiclayer/pgfcore.sty (c:/Users/sbzlm3/AppData/Roaming/TinyTeX/texmf-dist/tex/latex/graphics/graphicx.sty
Package: graphicx 2021/09/16 v1.2d Enhanced LaTeX Graphics (DPC,SPQR)
(c:/Users/sbzlm3/AppData/Roaming/TinyTeX/texmf-dist/tex/latex/graphics/graphics.sty
Package: graphics 2022/03/10 v1.4e Standard LaTeX Graphics (DPC,SPQR)
(c:/Users/sbzlm3/AppData/Roaming/TinyTeX/texmf-dist/tex/latex/graphics/trig.sty
Package: trig 2021/08/11 v1.11 sin cos tan (DPC)
) (c:/Users/sbzlm3/AppData/Roaming/TinyTeX/texmf-dist/tex/latex/graphics-cfg/graphics.cfg
File: graphics.cfg 2016/06/04 v1.11 sample graphics configuration
)
Package graphics Info: Driver file: pdftex.def on input line 107.
(c:/Users/sbzlm3/AppData/Roaming/TinyTeX/texmf-dist/tex/latex/graphics-def/pdftex.def
File: pdftex.def 2020/10/05 v1.2a Graphics/color driver for pdftex
))
\Gin@req@height=\dimen173
\Gin@req@width=\dimen174
) (c:/Users/sbzlm3/AppData/Roaming/TinyTeX/texmf-dist/tex/latex/pgf/systemlayer/pgfsys.sty (c:/Users/sbzlm3/AppData/Roaming/TinyTeX/texmf-dist/tex/generic/pgf/systemlayer/pgfsys.code.tex
Package: pgfsys 2021/05/15 v3.1.9a (3.1.9a)
(c:/Users/sbzlm3/AppData/Roaming/TinyTeX/texmf-dist/tex/generic/pgf/utilities/pgfkeys.code.tex)
\pgf@x=\dimen175
\pgf@y=\dimen176
\pgf@xa=\dimen177
\pgf@ya=\dimen178
\pgf@xb=\dimen179
\pgf@yb=\dimen180
\pgf@xc=\dimen181
\pgf@yc=\dimen182
\pgf@xd=\dimen183
\pgf@yd=\dimen184
\w@pgf@writea=\write3
\r@pgf@reada=\read2
\c@pgf@counta=\count286
\c@pgf@countb=\count287
\c@pgf@countc=\count288
\c@pgf@countd=\count289
\t@pgf@toka=\toks25
\t@pgf@tokb=\toks26
\t@pgf@tokc=\toks27
\pgf@sys@id@count=\count290
(c:/Users/sbzlm3/AppData/Roaming/TinyTeX/texmf-dist/tex/generic/pgf/systemlayer/pgf.cfg
File: pgf.cfg 2021/05/15 v3.1.9a (3.1.9a)
)
Driver file for pgf: pgfsys-pdftex.def
(c:/Users/sbzlm3/AppData/Roaming/TinyTeX/texmf-dist/tex/generic/pgf/systemlayer/pgfsys-pdftex.def
File: pgfsys-pdftex.def 2021/05/15 v3.1.9a (3.1.9a)
(c:/Users/sbzlm3/AppData/Roaming/TinyTeX/texmf-dist/tex/generic/pgf/systemlayer/pgfsys-common-pdf.def
File: pgfsys-common-pdf.def 2021/05/15 v3.1.9a (3.1.9a)
))) (c:/Users/sbzlm3/AppData/Roaming/TinyTeX/texmf-dist/tex/generic/pgf/systemlayer/pgfsyssoftpath.code.tex
File: pgfsyssoftpath.code.tex 2021/05/15 v3.1.9a (3.1.9a)
\pgfsyssoftpath@smallbuffer@items=\count291
\pgfsyssoftpath@bigbuffer@items=\count292
) (c:/Users/sbzlm3/AppData/Roaming/TinyTeX/texmf-dist/tex/generic/pgf/systemlayer/pgfsysprotocol.code.tex
File: pgfsysprotocol.code.tex 2021/05/15 v3.1.9a (3.1.9a)
)) (c:/Users/sbzlm3/AppData/Roaming/TinyTeX/texmf-dist/tex/latex/xcolor/xcolor.sty
Package: xcolor 2022/06/12 v2.14 LaTeX color extensions (UK)
(c:/Users/sbzlm3/AppData/Roaming/TinyTeX/texmf-dist/tex/latex/graphics-cfg/color.cfg
File: color.cfg 2016/01/02 v1.6 sample color configuration
)
Package xcolor Info: Driver file: pdftex.def on input line 227.
(c:/Users/sbzlm3/AppData/Roaming/TinyTeX/texmf-dist/tex/latex/graphics/mathcolor.ltx)
Package xcolor Info: Model `cmy' substituted by `cmy0' on input line 1353.
Package xcolor Info: Model `hsb' substituted by `rgb' on input line 1357.
Package xcolor Info: Model `RGB' extended on input line 1369.
Package xcolor Info: Model `HTML' substituted by `rgb' on input line 1371.
Package xcolor Info: Model `Hsb' substituted by `hsb' on input line 1372.
Package xcolor Info: Model `tHsb' substituted by `hsb' on input line 1373.
Package xcolor Info: Model `HSB' substituted by `hsb' on input line 1374.
Package xcolor Info: Model `Gray' substituted by `gray' on input line 1375.
Package xcolor Info: Model `wave' substituted by `hsb' on input line 1376.
) (c:/Users/sbzlm3/AppData/Roaming/TinyTeX/texmf-dist/tex/generic/pgf/basiclayer/pgfcore.code.tex
Package: pgfcore 2021/05/15 v3.1.9a (3.1.9a)
(c:/Users/sbzlm3/AppData/Roaming/TinyTeX/texmf-dist/tex/generic/pgf/math/pgfmath.code.tex) (c:/Users/sbzlm3/AppData/Roaming/TinyTeX/texmf-dist/tex/generic/pgf/math/pgfint.code.tex) (c:/Users/sbzlm3/AppData/Roaming/TinyTeX/texmf-dist/tex/generic/pgf/basiclayer/pgfcorepoints.code.tex
File: pgfcorepoints.code.tex 2021/05/15 v3.1.9a (3.1.9a)
\pgf@picminx=\dimen185
\pgf@picmaxx=\dimen186
\pgf@picminy=\dimen187
\pgf@picmaxy=\dimen188
\pgf@pathminx=\dimen189
\pgf@pathmaxx=\dimen190
\pgf@pathminy=\dimen191
\pgf@pathmaxy=\dimen192
\pgf@xx=\dimen193
\pgf@xy=\dimen194
\pgf@yx=\dimen195
\pgf@yy=\dimen196
\pgf@zx=\dimen197
\pgf@zy=\dimen198
) (c:/Users/sbzlm3/AppData/Roaming/TinyTeX/texmf-dist/tex/generic/pgf/basiclayer/pgfcorepathconstruct.code.tex
File: pgfcorepathconstruct.code.tex 2021/05/15 v3.1.9a (3.1.9a)
\pgf@path@lastx=\dimen199
\pgf@path@lasty=\dimen256
) (c:/Users/sbzlm3/AppData/Roaming/TinyTeX/texmf-dist/tex/generic/pgf/basiclayer/pgfcorepathusage.code.tex
File: pgfcorepathusage.code.tex 2021/05/15 v3.1.9a (3.1.9a)
\pgf@shorten@end@additional=\dimen257
\pgf@shorten@start@additional=\dimen258
) (c:/Users/sbzlm3/AppData/Roaming/TinyTeX/texmf-dist/tex/generic/pgf/basiclayer/pgfcorescopes.code.tex
File: pgfcorescopes.code.tex 2021/05/15 v3.1.9a (3.1.9a)
\pgfpic=\box62
\pgf@hbox=\box63
\pgf@layerbox@main=\box64
\pgf@picture@serial@count=\count293
) (c:/Users/sbzlm3/AppData/Roaming/TinyTeX/texmf-dist/tex/generic/pgf/basiclayer/pgfcoregraphicstate.code.tex
File: pgfcoregraphicstate.code.tex 2021/05/15 v3.1.9a (3.1.9a)
\pgflinewidth=\dimen259
) (c:/Users/sbzlm3/AppData/Roaming/TinyTeX/texmf-dist/tex/generic/pgf/basiclayer/pgfcoretransformations.code.tex
File: pgfcoretransformations.code.tex 2021/05/15 v3.1.9a (3.1.9a)
\pgf@pt@x=\dimen260
\pgf@pt@y=\dimen261
\pgf@pt@temp=\dimen262
) (c:/Users/sbzlm3/AppData/Roaming/TinyTeX/texmf-dist/tex/generic/pgf/basiclayer/pgfcorequick.code.tex
File: pgfcorequick.code.tex 2021/05/15 v3.1.9a (3.1.9a)
) (c:/Users/sbzlm3/AppData/Roaming/TinyTeX/texmf-dist/tex/generic/pgf/basiclayer/pgfcoreobjects.code.tex
File: pgfcoreobjects.code.tex 2021/05/15 v3.1.9a (3.1.9a)
) (c:/Users/sbzlm3/AppData/Roaming/TinyTeX/texmf-dist/tex/generic/pgf/basiclayer/pgfcorepathprocessing.code.tex
File: pgfcorepathprocessing.code.tex 2021/05/15 v3.1.9a (3.1.9a)
) (c:/Users/sbzlm3/AppData/Roaming/TinyTeX/texmf-dist/tex/generic/pgf/basiclayer/pgfcorearrows.code.tex
File: pgfcorearrows.code.tex 2021/05/15 v3.1.9a (3.1.9a)
\pgfarrowsep=\dimen263
) (c:/Users/sbzlm3/AppData/Roaming/TinyTeX/texmf-dist/tex/generic/pgf/basiclayer/pgfcoreshade.code.tex
File: pgfcoreshade.code.tex 2021/05/15 v3.1.9a (3.1.9a)
\pgf@max=\dimen264
\pgf@sys@shading@range@num=\count294
\pgf@shadingcount=\count295
) (c:/Users/sbzlm3/AppData/Roaming/TinyTeX/texmf-dist/tex/generic/pgf/basiclayer/pgfcoreimage.code.tex
File: pgfcoreimage.code.tex 2021/05/15 v3.1.9a (3.1.9a)
(c:/Users/sbzlm3/AppData/Roaming/TinyTeX/texmf-dist/tex/generic/pgf/basiclayer/pgfcoreexternal.code.tex
File: pgfcoreexternal.code.tex 2021/05/15 v3.1.9a (3.1.9a)
\pgfexternal@startupbox=\box65
)) (c:/Users/sbzlm3/AppData/Roaming/TinyTeX/texmf-dist/tex/generic/pgf/basiclayer/pgfcorelayers.code.tex
File: pgfcorelayers.code.tex 2021/05/15 v3.1.9a (3.1.9a)
) (c:/Users/sbzlm3/AppData/Roaming/TinyTeX/texmf-dist/tex/generic/pgf/basiclayer/pgfcoretransparency.code.tex
File: pgfcoretransparency.code.tex 2021/05/15 v3.1.9a (3.1.9a)
) (c:/Users/sbzlm3/AppData/Roaming/TinyTeX/texmf-dist/tex/generic/pgf/basiclayer/pgfcorepatterns.code.tex
File: pgfcorepatterns.code.tex 2021/05/15 v3.1.9a (3.1.9a)
) (c:/Users/sbzlm3/AppData/Roaming/TinyTeX/texmf-dist/tex/generic/pgf/basiclayer/pgfcorerdf.code.tex
File: pgfcorerdf.code.tex 2021/05/15 v3.1.9a (3.1.9a)
))) (c:/Users/sbzlm3/AppData/Roaming/TinyTeX/texmf-dist/tex/latex/pgf/utilities/xxcolor.sty
Package: xxcolor 2003/10/24 ver 0.1
\XC@nummixins=\count296
\XC@countmixins=\count297
) (c:/Users/sbzlm3/AppData/Roaming/TinyTeX/texmf-dist/tex/latex/base/atbegshi-ltx.sty
Package: atbegshi-ltx 2021/01/10 v1.0c Emulation of the original atbegshi
package with kernel methods
) (c:/Users/sbzlm3/AppData/Roaming/TinyTeX/texmf-dist/tex/latex/hyperref/hyperref.sty
Package: hyperref 2022-05-17 v7.00q Hypertext links for LaTeX
(c:/Users/sbzlm3/AppData/Roaming/TinyTeX/texmf-dist/tex/generic/ltxcmds/ltxcmds.sty
Package: ltxcmds 2020-05-10 v1.25 LaTeX kernel commands for general use (HO)
) (c:/Users/sbzlm3/AppData/Roaming/TinyTeX/texmf-dist/tex/generic/pdftexcmds/pdftexcmds.sty
Package: pdftexcmds 2020-06-27 v0.33 Utility functions of pdfTeX for LuaTeX (HO)
(c:/Users/sbzlm3/AppData/Roaming/TinyTeX/texmf-dist/tex/generic/infwarerr/infwarerr.sty
Package: infwarerr 2019/12/03 v1.5 Providing info/warning/error messages (HO)
)
Package pdftexcmds Info: \pdf@primitive is available.
Package pdftexcmds Info: \pdf@ifprimitive is available.
Package pdftexcmds Info: \pdfdraftmode found.
) (c:/Users/sbzlm3/AppData/Roaming/TinyTeX/texmf-dist/tex/generic/kvsetkeys/kvsetkeys.sty
Package: kvsetkeys 2019/12/15 v1.18 Key value parser (HO)
) (c:/Users/sbzlm3/AppData/Roaming/TinyTeX/texmf-dist/tex/generic/kvdefinekeys/kvdefinekeys.sty
Package: kvdefinekeys 2019-12-19 v1.6 Define keys (HO)
) (c:/Users/sbzlm3/AppData/Roaming/TinyTeX/texmf-dist/tex/generic/pdfescape/pdfescape.sty
Package: pdfescape 2019/12/09 v1.15 Implements pdfTeX's escape features (HO)
) (c:/Users/sbzlm3/AppData/Roaming/TinyTeX/texmf-dist/tex/latex/hycolor/hycolor.sty
Package: hycolor 2020-01-27 v1.10 Color options for hyperref/bookmark (HO)
) (c:/Users/sbzlm3/AppData/Roaming/TinyTeX/texmf-dist/tex/latex/letltxmacro/letltxmacro.sty
Package: letltxmacro 2019/12/03 v1.6 Let assignment for LaTeX macros (HO)
) (c:/Users/sbzlm3/AppData/Roaming/TinyTeX/texmf-dist/tex/latex/auxhook/auxhook.sty
Package: auxhook 2019-12-17 v1.6 Hooks for auxiliary files (HO)
) (c:/Users/sbzlm3/AppData/Roaming/TinyTeX/texmf-dist/tex/latex/hyperref/nameref.sty
Package: nameref 2022-05-17 v2.50 Cross-referencing by name of section
(c:/Users/sbzlm3/AppData/Roaming/TinyTeX/texmf-dist/tex/latex/refcount/refcount.sty
Package: refcount 2019/12/15 v3.6 Data extraction from label references (HO)
) (c:/Users/sbzlm3/AppData/Roaming/TinyTeX/texmf-dist/tex/generic/gettitlestring/gettitlestring.sty
Package: gettitlestring 2019/12/15 v1.6 Cleanup title references (HO)
(c:/Users/sbzlm3/AppData/Roaming/TinyTeX/texmf-dist/tex/latex/kvoptions/kvoptions.sty
Package: kvoptions 2020-10-07 v3.14 Key value format for package options (HO)
))
\c@section@level=\count298
)
\@linkdim=\dimen265
\Hy@linkcounter=\count299
\Hy@pagecounter=\count300
(c:/Users/sbzlm3/AppData/Roaming/TinyTeX/texmf-dist/tex/latex/hyperref/pd1enc.def
File: pd1enc.def 2022-05-17 v7.00q Hyperref: PDFDocEncoding definition (HO)
Now handling font encoding PD1 ...
... no UTF-8 mapping file for font encoding PD1
) (c:/Users/sbzlm3/AppData/Roaming/TinyTeX/texmf-dist/tex/generic/intcalc/intcalc.sty
Package: intcalc 2019/12/15 v1.3 Expandable calculations with integers (HO)
) (c:/Users/sbzlm3/AppData/Roaming/TinyTeX/texmf-dist/tex/generic/etexcmds/etexcmds.sty
Package: etexcmds 2019/12/15 v1.7 Avoid name clashes with e-TeX commands (HO)
)
\Hy@SavedSpaceFactor=\count301
(c:/Users/sbzlm3/AppData/Roaming/TinyTeX/texmf-dist/tex/latex/hyperref/puenc.def
File: puenc.def 2022-05-17 v7.00q Hyperref: PDF Unicode definition (HO)
Now handling font encoding PU ...
... no UTF-8 mapping file for font encoding PU
)
Package hyperref Info: Option `bookmarks' set `true' on input line 4020.
Package hyperref Info: Option `bookmarksopen' set `true' on input line 4020.
Package hyperref Info: Option `implicit' set `false' on input line 4020.
Package hyperref Info: Hyper figures OFF on input line 4139.
Package hyperref Info: Link nesting OFF on input line 4144.
Package hyperref Info: Hyper index ON on input line 4147.
Package hyperref Info: Plain pages OFF on input line 4154.
Package hyperref Info: Backreferencing OFF on input line 4159.
Package hyperref Info: Implicit mode OFF; no redefinition of LaTeX internals.
Package hyperref Info: Bookmarks ON on input line 4385.
\c@Hy@tempcnt=\count302
(c:/Users/sbzlm3/AppData/Roaming/TinyTeX/texmf-dist/tex/latex/url/url.sty
\Urlmuskip=\muskip16
Package: url 2013/09/16  ver 3.4  Verb mode for urls, etc.
)
LaTeX Info: Redefining \url on input line 4723.
\XeTeXLinkMargin=\dimen266
(c:/Users/sbzlm3/AppData/Roaming/TinyTeX/texmf-dist/tex/generic/bitset/bitset.sty
Package: bitset 2019/12/09 v1.3 Handle bit-vector datatype (HO)
(c:/Users/sbzlm3/AppData/Roaming/TinyTeX/texmf-dist/tex/generic/bigintcalc/bigintcalc.sty
Package: bigintcalc 2019/12/15 v1.5 Expandable calculations on big integers (HO)
))
\Fld@menulength=\count303
\Field@Width=\dimen267
\Fld@charsize=\dimen268
Package hyperref Info: Hyper figures OFF on input line 6001.
Package hyperref Info: Link nesting OFF on input line 6006.
Package hyperref Info: Hyper index ON on input line 6009.
Package hyperref Info: backreferencing OFF on input line 6016.
Package hyperref Info: Link coloring OFF on input line 6021.
Package hyperref Info: Link coloring with OCG OFF on input line 6026.
Package hyperref Info: PDF/A mode OFF on input line 6031.
\Hy@abspage=\count304

Package hyperref Message: Stopped early.

)
Package hyperref Info: Driver (autodetected): hpdftex.
(c:/Users/sbzlm3/AppData/Roaming/TinyTeX/texmf-dist/tex/latex/hyperref/hpdftex.def
File: hpdftex.def 2022-05-17 v7.00q Hyperref driver for pdfTeX
(c:/Users/sbzlm3/AppData/Roaming/TinyTeX/texmf-dist/tex/latex/base/atveryend-ltx.sty
Package: atveryend-ltx 2020/08/19 v1.0a Emulation of the original atveryend package
with kernel methods
)
\Fld@listcount=\count305
\c@bookmark@seq@number=\count306
(c:/Users/sbzlm3/AppData/Roaming/TinyTeX/texmf-dist/tex/latex/rerunfilecheck/rerunfilecheck.sty
Package: rerunfilecheck 2019/12/05 v1.9 Rerun checks for auxiliary files (HO)
(c:/Users/sbzlm3/AppData/Roaming/TinyTeX/texmf-dist/tex/generic/uniquecounter/uniquecounter.sty
Package: uniquecounter 2019/12/15 v1.4 Provide unlimited unique counter (HO)
)
Package uniquecounter Info: New unique counter `rerunfilecheck' on input line 286.
)) (c:/Users/sbzlm3/AppData/Roaming/TinyTeX/texmf-dist/tex/latex/beamer/beamerbaserequires.sty (c:/Users/sbzlm3/AppData/Roaming/TinyTeX/texmf-dist/tex/latex/beamer/beamerbasecompatibility.sty) (c:/Users/sbzlm3/AppData/Roaming/TinyTeX/texmf-dist/tex/latex/beamer/beamerbasefont.sty (c:/Users/sbzlm3/AppData/Roaming/TinyTeX/texmf-dist/tex/latex/amsfonts/amssymb.sty
Package: amssymb 2013/01/14 v3.01 AMS font symbols
(c:/Users/sbzlm3/AppData/Roaming/TinyTeX/texmf-dist/tex/latex/amsfonts/amsfonts.sty
Package: amsfonts 2013/01/14 v3.01 Basic AMSFonts support
\@emptytoks=\toks28
\symAMSa=\mathgroup4
\symAMSb=\mathgroup5
LaTeX Font Info:    Redeclaring math symbol \hbar on input line 98.
LaTeX Font Info:    Overwriting math alphabet `\mathfrak' in version `bold'
(Font)                  U/euf/m/n --> U/euf/b/n on input line 106.
))) (c:/Users/sbzlm3/AppData/Roaming/TinyTeX/texmf-dist/tex/latex/beamer/beamerbasetranslator.sty (c:/Users/sbzlm3/AppData/Roaming/TinyTeX/texmf-dist/tex/latex/translator/translator.sty
Package: translator 2021-05-31 v1.12d Easy translation of strings in LaTeX
)) (c:/Users/sbzlm3/AppData/Roaming/TinyTeX/texmf-dist/tex/latex/beamer/beamerbasemisc.sty) (c:/Users/sbzlm3/AppData/Roaming/TinyTeX/texmf-dist/tex/latex/beamer/beamerbasetwoscreens.sty) (c:/Users/sbzlm3/AppData/Roaming/TinyTeX/texmf-dist/tex/latex/beamer/beamerbaseoverlay.sty
\beamer@argscount=\count307
\beamer@lastskipcover=\skip51
\beamer@trivlistdepth=\count308
) (c:/Users/sbzlm3/AppData/Roaming/TinyTeX/texmf-dist/tex/latex/beamer/beamerbasetitle.sty) (c:/Users/sbzlm3/AppData/Roaming/TinyTeX/texmf-dist/tex/latex/beamer/beamerbasesection.sty
\c@lecture=\count309
\c@part=\count310
\c@section=\count311
\c@subsection=\count312
\c@subsubsection=\count313
) (c:/Users/sbzlm3/AppData/Roaming/TinyTeX/texmf-dist/tex/latex/beamer/beamerbaseframe.sty
\beamer@framebox=\box66
\beamer@frametitlebox=\box67
\beamer@zoombox=\box68
\beamer@zoomcount=\count314
\beamer@zoomframecount=\count315
\beamer@frametextheight=\dimen269
\c@subsectionslide=\count316
\beamer@frametopskip=\skip52
\beamer@framebottomskip=\skip53
\beamer@frametopskipautobreak=\skip54
\beamer@framebottomskipautobreak=\skip55
\beamer@envbody=\toks29
\framewidth=\dimen270
\c@framenumber=\count317
) (c:/Users/sbzlm3/AppData/Roaming/TinyTeX/texmf-dist/tex/latex/beamer/beamerbaseverbatim.sty
\beamer@verbatimfileout=\write4
) (c:/Users/sbzlm3/AppData/Roaming/TinyTeX/texmf-dist/tex/latex/beamer/beamerbaseframesize.sty
\beamer@splitbox=\box69
\beamer@autobreakcount=\count318
\beamer@autobreaklastheight=\dimen271
\beamer@frametitletoks=\toks30
\beamer@framesubtitletoks=\toks31
) (c:/Users/sbzlm3/AppData/Roaming/TinyTeX/texmf-dist/tex/latex/beamer/beamerbaseframecomponents.sty
\beamer@footins=\box70
) (c:/Users/sbzlm3/AppData/Roaming/TinyTeX/texmf-dist/tex/latex/beamer/beamerbasecolor.sty) (c:/Users/sbzlm3/AppData/Roaming/TinyTeX/texmf-dist/tex/latex/beamer/beamerbasenotes.sty
\beamer@frameboxcopy=\box71
) (c:/Users/sbzlm3/AppData/Roaming/TinyTeX/texmf-dist/tex/latex/beamer/beamerbasetoc.sty) (c:/Users/sbzlm3/AppData/Roaming/TinyTeX/texmf-dist/tex/latex/beamer/beamerbasetemplates.sty
\beamer@sbttoks=\toks32
(c:/Users/sbzlm3/AppData/Roaming/TinyTeX/texmf-dist/tex/latex/beamer/beamerbaseauxtemplates.sty (c:/Users/sbzlm3/AppData/Roaming/TinyTeX/texmf-dist/tex/latex/beamer/beamerbaseboxes.sty
\bmb@box=\box72
\bmb@colorbox=\box73
\bmb@boxwidth=\dimen272
\bmb@boxheight=\dimen273
\bmb@prevheight=\dimen274
\bmb@temp=\dimen275
\bmb@dima=\dimen276
\bmb@dimb=\dimen277
\bmb@prevheight=\dimen278
)
\beamer@blockheadheight=\dimen279
)) (c:/Users/sbzlm3/AppData/Roaming/TinyTeX/texmf-dist/tex/latex/beamer/beamerbaselocalstructure.sty (c:/Users/sbzlm3/AppData/Roaming/TinyTeX/texmf-dist/tex/latex/tools/enumerate.sty
Package: enumerate 2015/07/23 v3.00 enumerate extensions (DPC)
\@enLab=\toks33
)
\beamer@bibiconwidth=\skip56
\c@figure=\count319
\c@table=\count320
\abovecaptionskip=\skip57
\belowcaptionskip=\skip58
) (c:/Users/sbzlm3/AppData/Roaming/TinyTeX/texmf-dist/tex/latex/beamer/beamerbasenavigation.sty
\beamer@section@min@dim=\dimen280
) (c:/Users/sbzlm3/AppData/Roaming/TinyTeX/texmf-dist/tex/latex/beamer/beamerbasetheorems.sty (c:/Users/sbzlm3/AppData/Roaming/TinyTeX/texmf-dist/tex/latex/amsmath/amsmath.sty
Package: amsmath 2022/04/08 v2.17n AMS math features
\@mathmargin=\skip59
For additional information on amsmath, use the `?' option.
(c:/Users/sbzlm3/AppData/Roaming/TinyTeX/texmf-dist/tex/latex/amsmath/amstext.sty
Package: amstext 2021/08/26 v2.01 AMS text
(c:/Users/sbzlm3/AppData/Roaming/TinyTeX/texmf-dist/tex/latex/amsmath/amsgen.sty
File: amsgen.sty 1999/11/30 v2.0 generic functions
\@emptytoks=\toks34
\ex@=\dimen281
)) (c:/Users/sbzlm3/AppData/Roaming/TinyTeX/texmf-dist/tex/latex/amsmath/amsbsy.sty
Package: amsbsy 1999/11/29 v1.2d Bold Symbols
\pmbraise@=\dimen282
) (c:/Users/sbzlm3/AppData/Roaming/TinyTeX/texmf-dist/tex/latex/amsmath/amsopn.sty
Package: amsopn 2022/04/08 v2.04 operator names
)
\inf@bad=\count321
LaTeX Info: Redefining \frac on input line 234.
\uproot@=\count322
\leftroot@=\count323
LaTeX Info: Redefining \overline on input line 399.
LaTeX Info: Redefining \colon on input line 410.
\classnum@=\count324
\DOTSCASE@=\count325
LaTeX Info: Redefining \ldots on input line 496.
LaTeX Info: Redefining \dots on input line 499.
LaTeX Info: Redefining \cdots on input line 620.
\Mathstrutbox@=\box74
\strutbox@=\box75
LaTeX Info: Redefining \big on input line 722.
LaTeX Info: Redefining \Big on input line 723.
LaTeX Info: Redefining \bigg on input line 724.
LaTeX Info: Redefining \Bigg on input line 725.
\big@size=\dimen283
LaTeX Font Info:    Redeclaring font encoding OML on input line 743.
LaTeX Font Info:    Redeclaring font encoding OMS on input line 744.
\macc@depth=\count326
LaTeX Info: Redefining \bmod on input line 905.
LaTeX Info: Redefining \pmod on input line 910.
LaTeX Info: Redefining \smash on input line 940.
LaTeX Info: Redefining \relbar on input line 970.
LaTeX Info: Redefining \Relbar on input line 971.
\c@MaxMatrixCols=\count327
\dotsspace@=\muskip17
\c@parentequation=\count328
\dspbrk@lvl=\count329
\tag@help=\toks35
\row@=\count330
\column@=\count331
\maxfields@=\count332
\andhelp@=\toks36
\eqnshift@=\dimen284
\alignsep@=\dimen285
\tagshift@=\dimen286
\tagwidth@=\dimen287
\totwidth@=\dimen288
\lineht@=\dimen289
\@envbody=\toks37
\multlinegap=\skip60
\multlinetaggap=\skip61
\mathdisplay@stack=\toks38
LaTeX Info: Redefining \[ on input line 2953.
LaTeX Info: Redefining \] on input line 2954.
) (c:/Users/sbzlm3/AppData/Roaming/TinyTeX/texmf-dist/tex/latex/amscls/amsthm.sty
Package: amsthm 2020/05/29 v2.20.6
\thm@style=\toks39
\thm@bodyfont=\toks40
\thm@headfont=\toks41
\thm@notefont=\toks42
\thm@headpunct=\toks43
\thm@preskip=\skip62
\thm@postskip=\skip63
\thm@headsep=\skip64
\dth@everypar=\toks44
)
\c@theorem=\count333
) (c:/Users/sbzlm3/AppData/Roaming/TinyTeX/texmf-dist/tex/latex/beamer/beamerbasethemes.sty)) (c:/Users/sbzlm3/AppData/Roaming/TinyTeX/texmf-dist/tex/latex/beamer/beamerthemedefault.sty (c:/Users/sbzlm3/AppData/Roaming/TinyTeX/texmf-dist/tex/latex/beamer/beamerfontthemedefault.sty) (c:/Users/sbzlm3/AppData/Roaming/TinyTeX/texmf-dist/tex/latex/beamer/beamercolorthemedefault.sty) (c:/Users/sbzlm3/AppData/Roaming/TinyTeX/texmf-dist/tex/latex/beamer/beamerinnerthemedefault.sty
\beamer@dima=\dimen290
\beamer@dimb=\dimen291
) (c:/Users/sbzlm3/AppData/Roaming/TinyTeX/texmf-dist/tex/latex/beamer/beamerouterthemedefault.sty))) (c:/Users/sbzlm3/AppData/Roaming/TinyTeX/texmf-dist/tex/latex/framed/framed.sty
Package: framed 2011/10/22 v 0.96: framed or shaded text with page breaks
\OuterFrameSep=\skip65
\fb@frw=\dimen292
\fb@frh=\dimen293
\FrameRule=\dimen294
\FrameSep=\dimen295
) (c:/Users/sbzlm3/AppData/Roaming/TinyTeX/texmf-dist/tex/latex/base/alltt.sty
Package: alltt 2021/01/29 v2.0g defines alltt environment
) (c:/Users/sbzlm3/AppData/Roaming/TinyTeX/texmf-dist/tex/generic/babel/babel.sty
Package: babel 2022/06/06 3.76 The Babel package
\babel@savecnt=\count334
\U@D=\dimen296
\l@unhyphenated=\language3
(c:/Users/sbzlm3/AppData/Roaming/TinyTeX/texmf-dist/tex/generic/babel/txtbabel.def)
\bbl@readstream=\read3
LaTeX Info: Redefining \textlatin on input line 4044.
\bbl@dirlevel=\count335
(c:/Users/sbzlm3/AppData/Roaming/TinyTeX/texmf-dist/tex/generic/babel-english/english.ldf
Language: english 2017/06/06 v3.3r English support from the babel system
Package babel Info: Hyphen rules for 'british' set to \l@english
(babel)             (\language0). Reported on input line 82.
Package babel Info: Hyphen rules for 'UKenglish' set to \l@english
(babel)             (\language0). Reported on input line 83.
Package babel Info: Hyphen rules for 'canadian' set to \l@english
(babel)             (\language0). Reported on input line 102.
Package babel Info: Hyphen rules for 'australian' set to \l@english
(babel)             (\language0). Reported on input line 105.
Package babel Info: Hyphen rules for 'newzealand' set to \l@english
(babel)             (\language0). Reported on input line 108.
)) (c:/Users/sbzlm3/AppData/Roaming/TinyTeX/texmf-dist/tex/generic/babel/locale/en/babel-english.tex
Package babel Info: Importing font and identification data for english
(babel)             from babel-en.ini. Reported on input line 11.
) (./beamerthemeZMBZFMK.sty
Package: beamerthemeZMBZFMK 2017/11/09 beamerthemeZMBZFMK
(c:/Users/sbzlm3/AppData/Roaming/TinyTeX/texmf-dist/tex/latex/beamer/beamerthemeBoadilla.sty (c:/Users/sbzlm3/AppData/Roaming/TinyTeX/texmf-dist/tex/latex/beamer/beamercolorthemerose.sty) (c:/Users/sbzlm3/AppData/Roaming/TinyTeX/texmf-dist/tex/latex/beamer/beamerinnerthemerounded.sty) (c:/Users/sbzlm3/AppData/Roaming/TinyTeX/texmf-dist/tex/latex/beamer/beamercolorthemedolphin.sty) (c:/Users/sbzlm3/AppData/Roaming/TinyTeX/texmf-dist/tex/latex/beamer/beamerouterthemeinfolines.sty)) (c:/Users/sbzlm3/AppData/Roaming/TinyTeX/texmf-dist/tex/latex/beamer/beamerouterthememiniframes.sty) (c:/Users/sbzlm3/AppData/Roaming/TinyTeX/texmf-dist/tex/latex/beamer/beamerinnerthemerectangles.sty) (c:/Users/sbzlm3/AppData/Roaming/TinyTeX/texmf-dist/tex/latex/beamer/beamercolorthemeseagull.sty) (./beamercolorthemeZMBZFMK.sty
Package: beamercolorthemeZMBZFMK 2017/11/09 beamercolorthemeZMBZFMK
)) (c:/Users/sbzlm3/AppData/Roaming/TinyTeX/texmf-dist/tex/latex/beamer/beamerfontthemestructurebold.sty) (c:/Users/sbzlm3/AppData/Roaming/TinyTeX/texmf-dist/tex/latex/l3backend/l3backend-pdftex.def
File: l3backend-pdftex.def 2022-04-20 L3 backend support: PDF output (pdfTeX)
\l__color_backend_stack_int=\count336
\l__pdf_internal_box=\box76
) (./main.aux

LaTeX Warning: Label `fig:my_label' multiply defined.


LaTeX Warning: Label `fig:my_label' multiply defined.


LaTeX Warning: Label `fig:my_label' multiply defined.


LaTeX Warning: Label `fig:my_label' multiply defined.


LaTeX Warning: Label `fig:my_label' multiply defined.


LaTeX Warning: Label `fig:my_label' multiply defined.


LaTeX Warning: Label `fig:my_label' multiply defined.

)
\openout1 = `main.aux'.

LaTeX Font Info:    Checking defaults for OML/cmm/m/it on input line 103.
LaTeX Font Info:    ... okay on input line 103.
LaTeX Font Info:    Checking defaults for OMS/cmsy/m/n on input line 103.
LaTeX Font Info:    ... okay on input line 103.
LaTeX Font Info:    Checking defaults for OT1/cmr/m/n on input line 103.
LaTeX Font Info:    ... okay on input line 103.
LaTeX Font Info:    Checking defaults for T1/cmr/m/n on input line 103.
LaTeX Font Info:    ... okay on input line 103.
LaTeX Font Info:    Checking defaults for TS1/cmr/m/n on input line 103.
LaTeX Font Info:    ... okay on input line 103.
LaTeX Font Info:    Checking defaults for OMX/cmex/m/n on input line 103.
LaTeX Font Info:    ... okay on input line 103.
LaTeX Font Info:    Checking defaults for U/cmr/m/n on input line 103.
LaTeX Font Info:    ... okay on input line 103.
LaTeX Font Info:    Checking defaults for PD1/pdf/m/n on input line 103.
LaTeX Font Info:    ... okay on input line 103.
LaTeX Font Info:    Checking defaults for PU/pdf/m/n on input line 103.
LaTeX Font Info:    ... okay on input line 103.
*geometry* driver: auto-detecting
*geometry* detected driver: pdftex
*geometry* verbose mode - [ preamble ] result:
* driver: pdftex
* paper: custom
* layout: <same size as paper>
* layoutoffset:(h,v)=(0.0pt,0.0pt)
* modes: includehead includefoot 
* h-part:(L,W,R)=(10.95003pt, 342.2953pt, 10.95003pt)
* v-part:(T,H,B)=(0.0pt, 273.14662pt, 0.0pt)
* \paperwidth=364.19536pt
* \paperheight=273.14662pt
* \textwidth=342.2953pt
* \textheight=244.6939pt
* \oddsidemargin=-61.31996pt
* \evensidemargin=-61.31996pt
* \topmargin=-72.26999pt
* \headheight=14.22636pt
* \headsep=0.0pt
* \topskip=11.0pt
* \footskip=14.22636pt
* \marginparwidth=4.0pt
* \marginparsep=10.0pt
* \columnsep=10.0pt
* \skip\footins=10.0pt plus 4.0pt minus 2.0pt
* \hoffset=0.0pt
* \voffset=0.0pt
* \mag=1000
* \@twocolumnfalse
* \@twosidefalse
* \@mparswitchfalse
* \@reversemarginfalse
* (1in=72.27pt=25.4mm, 1cm=28.453pt)

(c:/Users/sbzlm3/AppData/Roaming/TinyTeX/texmf-dist/tex/latex/epstopdf-pkg/epstopdf-base.sty
Package: epstopdf-base 2020-01-24 v2.11 Base part for package epstopdf
Package epstopdf-base Info: Redefining graphics rule for `.eps' on input line 485.
(c:/Users/sbzlm3/AppData/Roaming/TinyTeX/texmf-dist/tex/latex/latexconfig/epstopdf-sys.cfg
File: epstopdf-sys.cfg 2010/07/13 v1.3 Configuration of (r)epstopdf for TeX Live
))
Package hyperref Info: Link coloring OFF on input line 103.
(./main.out) (./main.out)
\@outlinefile=\write5
\openout5 = `main.out'.

LaTeX Font Info:    Overwriting symbol font `operators' in version `normal'
(Font)                  OT1/cmr/m/n --> OT1/cmss/m/n on input line 103.
LaTeX Font Info:    Overwriting symbol font `operators' in version `bold'
(Font)                  OT1/cmr/bx/n --> OT1/cmss/b/n on input line 103.
\symnumbers=\mathgroup6
\sympureletters=\mathgroup7
LaTeX Font Info:    Overwriting math alphabet `\mathrm' in version `normal'
(Font)                  OT1/cmss/m/n --> OT1/cmr/m/n on input line 103.
LaTeX Font Info:    Redeclaring math alphabet \mathbf on input line 103.
LaTeX Font Info:    Overwriting math alphabet `\mathbf' in version `normal'
(Font)                  OT1/cmr/bx/n --> OT1/cmss/b/n on input line 103.
LaTeX Font Info:    Overwriting math alphabet `\mathbf' in version `bold'
(Font)                  OT1/cmr/bx/n --> OT1/cmss/b/n on input line 103.
LaTeX Font Info:    Redeclaring math alphabet \mathsf on input line 103.
LaTeX Font Info:    Overwriting math alphabet `\mathsf' in version `normal'
(Font)                  OT1/cmss/m/n --> OT1/cmss/m/n on input line 103.
LaTeX Font Info:    Overwriting math alphabet `\mathsf' in version `bold'
(Font)                  OT1/cmss/bx/n --> OT1/cmss/m/n on input line 103.
LaTeX Font Info:    Redeclaring math alphabet \mathit on input line 103.
LaTeX Font Info:    Overwriting math alphabet `\mathit' in version `normal'
(Font)                  OT1/cmr/m/it --> OT1/cmss/m/it on input line 103.
LaTeX Font Info:    Overwriting math alphabet `\mathit' in version `bold'
(Font)                  OT1/cmr/bx/it --> OT1/cmss/m/it on input line 103.
LaTeX Font Info:    Redeclaring math alphabet \mathtt on input line 103.
LaTeX Font Info:    Overwriting math alphabet `\mathtt' in version `normal'
(Font)                  OT1/cmtt/m/n --> OT1/cmtt/m/n on input line 103.
LaTeX Font Info:    Overwriting math alphabet `\mathtt' in version `bold'
(Font)                  OT1/cmtt/m/n --> OT1/cmtt/m/n on input line 103.
LaTeX Font Info:    Overwriting symbol font `numbers' in version `bold'
(Font)                  OT1/cmss/m/n --> OT1/cmss/b/n on input line 103.
LaTeX Font Info:    Overwriting symbol font `pureletters' in version `bold'
(Font)                  OT1/cmss/m/it --> OT1/cmss/b/it on input line 103.
LaTeX Font Info:    Overwriting math alphabet `\mathrm' in version `bold'
(Font)                  OT1/cmss/b/n --> OT1/cmr/b/n on input line 103.
LaTeX Font Info:    Overwriting math alphabet `\mathbf' in version `bold'
(Font)                  OT1/cmss/b/n --> OT1/cmss/b/n on input line 103.
LaTeX Font Info:    Overwriting math alphabet `\mathsf' in version `bold'
(Font)                  OT1/cmss/m/n --> OT1/cmss/b/n on input line 103.
LaTeX Font Info:    Overwriting math alphabet `\mathit' in version `bold'
(Font)                  OT1/cmss/m/it --> OT1/cmss/b/it on input line 103.
LaTeX Font Info:    Overwriting math alphabet `\mathtt' in version `bold'
(Font)                  OT1/cmtt/m/n --> OT1/cmtt/b/n on input line 103.
(c:/Users/sbzlm3/AppData/Roaming/TinyTeX/texmf-dist/tex/latex/translator/translator-basic-dictionary-English.dict
Dictionary: translator-basic-dictionary, Language: English 
) (c:/Users/sbzlm3/AppData/Roaming/TinyTeX/texmf-dist/tex/latex/translator/translator-bibliography-dictionary-English.dict
Dictionary: translator-bibliography-dictionary, Language: English 
) (c:/Users/sbzlm3/AppData/Roaming/TinyTeX/texmf-dist/tex/latex/translator/translator-environment-dictionary-English.dict
Dictionary: translator-environment-dictionary, Language: English 
) (c:/Users/sbzlm3/AppData/Roaming/TinyTeX/texmf-dist/tex/latex/translator/translator-months-dictionary-English.dict
Dictionary: translator-months-dictionary, Language: English 
) (c:/Users/sbzlm3/AppData/Roaming/TinyTeX/texmf-dist/tex/latex/translator/translator-numbers-dictionary-English.dict
Dictionary: translator-numbers-dictionary, Language: English 
) (c:/Users/sbzlm3/AppData/Roaming/TinyTeX/texmf-dist/tex/latex/translator/translator-theorem-dictionary-English.dict
Dictionary: translator-theorem-dictionary, Language: English 
) (./main.nav)
LaTeX Font Info:    Trying to load font information for U+msa on input line 103.
(c:/Users/sbzlm3/AppData/Roaming/TinyTeX/texmf-dist/tex/latex/amsfonts/umsa.fd
File: umsa.fd 2013/01/14 v3.01 AMS symbols A
)
LaTeX Font Info:    Trying to load font information for U+msb on input line 103.
(c:/Users/sbzlm3/AppData/Roaming/TinyTeX/texmf-dist/tex/latex/amsfonts/umsb.fd
File: umsb.fd 2013/01/14 v3.01 AMS symbols B
)
<logo_ITAM.pdf, id=38, 301.125pt x 92.345pt>
File: logo_ITAM.pdf Graphic file (type pdf)
<use logo_ITAM.pdf>
Package pdftex.def Info: logo_ITAM.pdf  used on input line 103.
(pdftex.def)             Requested size: 71.13188pt x 21.8138pt.

Overfull \hbox (21.89989pt too wide) in paragraph at lines 103--103
[][] 
 []

File: logo_ITAM.pdf Graphic file (type pdf)
<use logo_ITAM.pdf>
Package pdftex.def Info: logo_ITAM.pdf  used on input line 106.
(pdftex.def)             Requested size: 71.13188pt x 21.8138pt.

Overfull \hbox (21.89989pt too wide) has occurred while \output is active
[][] 
 []

[1{c:/Users/sbzlm3/AppData/Roaming/TinyTeX/texmf-var/fonts/map/pdftex/updmap/pdftex.map}

 <./logo_ITAM.pdf>] (./main.toc)
Overfull \hbox (21.89989pt too wide) in paragraph at lines 111--111
[][] 
 []

File: logo_ITAM.pdf Graphic file (type pdf)
<use logo_ITAM.pdf>
Package pdftex.def Info: logo_ITAM.pdf  used on input line 111.
(pdftex.def)             Requested size: 71.13188pt x 21.8138pt.

Overfull \hbox (21.89989pt too wide) has occurred while \output is active
[][] 
 []

[2

] (./main.toc)
Overfull \hbox (21.89989pt too wide) in paragraph at lines 114--114
[][] 
 []

File: logo_ITAM.pdf Graphic file (type pdf)
<use logo_ITAM.pdf>
Package pdftex.def Info: logo_ITAM.pdf  used on input line 114.
(pdftex.def)             Requested size: 71.13188pt x 21.8138pt.

Overfull \hbox (21.89989pt too wide) has occurred while \output is active
[][] 
 []

[3

]
Overfull \hbox (21.89989pt too wide) in paragraph at lines 123--123
[][] 
 []

File: logo_ITAM.pdf Graphic file (type pdf)
<use logo_ITAM.pdf>
Package pdftex.def Info: logo_ITAM.pdf  used on input line 123.
(pdftex.def)             Requested size: 71.13188pt x 21.8138pt.

Overfull \hbox (21.89989pt too wide) has occurred while \output is active
[][] 
 []

[4

]
Overfull \hbox (21.89989pt too wide) in paragraph at lines 123--123
[][] 
 []

File: logo_ITAM.pdf Graphic file (type pdf)
<use logo_ITAM.pdf>
Package pdftex.def Info: logo_ITAM.pdf  used on input line 123.
(pdftex.def)             Requested size: 71.13188pt x 21.8138pt.

Overfull \hbox (21.89989pt too wide) has occurred while \output is active
[][] 
 []

[5

]
Overfull \hbox (21.89989pt too wide) in paragraph at lines 123--123
[][] 
 []

File: logo_ITAM.pdf Graphic file (type pdf)
<use logo_ITAM.pdf>
Package pdftex.def Info: logo_ITAM.pdf  used on input line 123.
(pdftex.def)             Requested size: 71.13188pt x 21.8138pt.

Overfull \hbox (21.89989pt too wide) has occurred while \output is active
[][] 
 []

[6

] (./main.toc)
Overfull \hbox (21.89989pt too wide) in paragraph at lines 125--125
[][] 
 []

File: logo_ITAM.pdf Graphic file (type pdf)
<use logo_ITAM.pdf>
Package pdftex.def Info: logo_ITAM.pdf  used on input line 125.
(pdftex.def)             Requested size: 71.13188pt x 21.8138pt.

Overfull \hbox (21.89989pt too wide) has occurred while \output is active
[][] 
 []

[7

] (./main.toc)
Overfull \hbox (21.89989pt too wide) in paragraph at lines 126--126
[][] 
 []

File: logo_ITAM.pdf Graphic file (type pdf)
<use logo_ITAM.pdf>
Package pdftex.def Info: logo_ITAM.pdf  used on input line 126.
(pdftex.def)             Requested size: 71.13188pt x 21.8138pt.

Overfull \hbox (21.89989pt too wide) has occurred while \output is active
[][] 
 []

[8

]
Overfull \hbox (21.89989pt too wide) in paragraph at lines 132--132
[][] 
 []

File: logo_ITAM.pdf Graphic file (type pdf)
<use logo_ITAM.pdf>
Package pdftex.def Info: logo_ITAM.pdf  used on input line 132.
(pdftex.def)             Requested size: 71.13188pt x 21.8138pt.

Overfull \hbox (21.89989pt too wide) has occurred while \output is active
[][] 
 []

[9

]
<Hourglass-cropped.pdf, id=328, 359.3425pt x 291.0875pt>
File: Hourglass-cropped.pdf Graphic file (type pdf)
<use Hourglass-cropped.pdf>
Package pdftex.def Info: Hourglass-cropped.pdf  used on input line 141.
(pdftex.def)             Requested size: 205.37926pt x 166.37463pt.

Overfull \hbox (21.89989pt too wide) in paragraph at lines 141--141
[][] 
 []

File: logo_ITAM.pdf Graphic file (type pdf)
<use logo_ITAM.pdf>
Package pdftex.def Info: logo_ITAM.pdf  used on input line 141.
(pdftex.def)             Requested size: 71.13188pt x 21.8138pt.

Overfull \hbox (21.89989pt too wide) has occurred while \output is active
[][] 
 []

[10

 <./Hourglass-cropped.pdf>]
<FirstSplit-cropped.pdf, id=363, 359.3425pt x 291.0875pt>
File: FirstSplit-cropped.pdf Graphic file (type pdf)
<use FirstSplit-cropped.pdf>
Package pdftex.def Info: FirstSplit-cropped.pdf  used on input line 150.
(pdftex.def)             Requested size: 205.37926pt x 166.37463pt.

pdfTeX warning (ext4): destination with the same identifier (name{fig:my_label}) has been already used, duplicate ignored
<to be read again> 
                   \relax 
l.150 \end{frame}
                 
Overfull \hbox (21.89989pt too wide) in paragraph at lines 150--150
[][] 
 []

File: logo_ITAM.pdf Graphic file (type pdf)
<use logo_ITAM.pdf>
Package pdftex.def Info: logo_ITAM.pdf  used on input line 150.
(pdftex.def)             Requested size: 71.13188pt x 21.8138pt.

Overfull \hbox (21.89989pt too wide) has occurred while \output is active
[][] 
 []

[11

 <./FirstSplit-cropped.pdf>]
<FullMethod.pdf, id=395, 353.32pt x 289.08pt>
File: FullMethod.pdf Graphic file (type pdf)
<use FullMethod.pdf>
Package pdftex.def Info: FullMethod.pdf  used on input line 160.
(pdftex.def)             Requested size: 205.37926pt x 168.03703pt.

pdfTeX warning (ext4): destination with the same identifier (name{fig:my_label}) has been already used, duplicate ignored
<to be read again> 
                   \relax 
l.160 \end{frame}
                 
Overfull \hbox (21.89989pt too wide) in paragraph at lines 160--160
[][] 
 []

File: logo_ITAM.pdf Graphic file (type pdf)
<use logo_ITAM.pdf>
Package pdftex.def Info: logo_ITAM.pdf  used on input line 160.
(pdftex.def)             Requested size: 71.13188pt x 21.8138pt.

Overfull \hbox (21.89989pt too wide) has occurred while \output is active
[][] 
 []

[12

 <./FullMethod.pdf>] (./main.toc)
Overfull \hbox (21.89989pt too wide) in paragraph at lines 163--163
[][] 
 []

File: logo_ITAM.pdf Graphic file (type pdf)
<use logo_ITAM.pdf>
Package pdftex.def Info: logo_ITAM.pdf  used on input line 163.
(pdftex.def)             Requested size: 71.13188pt x 21.8138pt.

Overfull \hbox (21.89989pt too wide) has occurred while \output is active
[][] 
 []

[13

]
Overfull \hbox (21.89989pt too wide) in paragraph at lines 173--173
[][] 
 []

File: logo_ITAM.pdf Graphic file (type pdf)
<use logo_ITAM.pdf>
Package pdftex.def Info: logo_ITAM.pdf  used on input line 173.
(pdftex.def)             Requested size: 71.13188pt x 21.8138pt.

Overfull \hbox (21.89989pt too wide) has occurred while \output is active
[][] 
 []

[14

]
Overfull \hbox (21.89989pt too wide) in paragraph at lines 194--194
[][] 
 []

File: logo_ITAM.pdf Graphic file (type pdf)
<use logo_ITAM.pdf>
Package pdftex.def Info: logo_ITAM.pdf  used on input line 194.
(pdftex.def)             Requested size: 71.13188pt x 21.8138pt.

Overfull \hbox (21.89989pt too wide) has occurred while \output is active
[][] 
 []

[15

]
Overfull \hbox (21.89989pt too wide) in paragraph at lines 212--212
[][] 
 []

File: logo_ITAM.pdf Graphic file (type pdf)
<use logo_ITAM.pdf>
Package pdftex.def Info: logo_ITAM.pdf  used on input line 212.
(pdftex.def)             Requested size: 71.13188pt x 21.8138pt.

Overfull \hbox (21.89989pt too wide) has occurred while \output is active
[][] 
 []

[16

]
Overfull \hbox (21.89989pt too wide) in paragraph at lines 220--220
[][] 
 []

File: logo_ITAM.pdf Graphic file (type pdf)
<use logo_ITAM.pdf>
Package pdftex.def Info: logo_ITAM.pdf  used on input line 220.
(pdftex.def)             Requested size: 71.13188pt x 21.8138pt.

Overfull \hbox (21.89989pt too wide) has occurred while \output is active
[][] 
 []

[17

] (./main.toc)
Overfull \hbox (21.89989pt too wide) in paragraph at lines 224--224
[][] 
 []

File: logo_ITAM.pdf Graphic file (type pdf)
<use logo_ITAM.pdf>
Package pdftex.def Info: logo_ITAM.pdf  used on input line 224.
(pdftex.def)             Requested size: 71.13188pt x 21.8138pt.

Overfull \hbox (21.89989pt too wide) has occurred while \output is active
[][] 
 []

[18

]
<figure31.pdf, id=613, 215.97688pt x 169.44304pt>
File: figure31.pdf Graphic file (type pdf)
<use figure31.pdf>
Package pdftex.def Info: figure31.pdf  used on input line 236.
(pdftex.def)             Requested size: 171.14764pt x 134.27478pt.

pdfTeX warning (ext4): destination with the same identifier (name{fig:my_label}) has been already used, duplicate ignored
<to be read again> 
                   \relax 
l.236 \end{frame}
                 
Overfull \hbox (21.89989pt too wide) in paragraph at lines 236--236
[][] 
 []

File: logo_ITAM.pdf Graphic file (type pdf)
<use logo_ITAM.pdf>
Package pdftex.def Info: logo_ITAM.pdf  used on input line 236.
(pdftex.def)             Requested size: 71.13188pt x 21.8138pt.

Overfull \hbox (21.89989pt too wide) has occurred while \output is active
[][] 
 []

[19

 <./figure31.pdf>]
Overfull \hbox (21.89989pt too wide) in paragraph at lines 246--246
[][] 
 []

File: logo_ITAM.pdf Graphic file (type pdf)
<use logo_ITAM.pdf>
Package pdftex.def Info: logo_ITAM.pdf  used on input line 246.
(pdftex.def)             Requested size: 71.13188pt x 21.8138pt.

Overfull \hbox (21.89989pt too wide) has occurred while \output is active
[][] 
 []

[20

]
Overfull \hbox (21.89989pt too wide) in paragraph at lines 246--246
[][] 
 []

File: logo_ITAM.pdf Graphic file (type pdf)
<use logo_ITAM.pdf>
Package pdftex.def Info: logo_ITAM.pdf  used on input line 246.
(pdftex.def)             Requested size: 71.13188pt x 21.8138pt.

Overfull \hbox (21.89989pt too wide) has occurred while \output is active
[][] 
 []

[21

]
Overfull \hbox (21.89989pt too wide) in paragraph at lines 246--246
[][] 
 []

File: logo_ITAM.pdf Graphic file (type pdf)
<use logo_ITAM.pdf>
Package pdftex.def Info: logo_ITAM.pdf  used on input line 246.
(pdftex.def)             Requested size: 71.13188pt x 21.8138pt.

Overfull \hbox (21.89989pt too wide) has occurred while \output is active
[][] 
 []

[22

]
<FINALIHOPE-cropped.pdf, id=753, 369.38pt x 292.09125pt>
File: FINALIHOPE-cropped.pdf Graphic file (type pdf)
<use FINALIHOPE-cropped.pdf>
Package pdftex.def Info: FINALIHOPE-cropped.pdf  used on input line 264.
(pdftex.def)             Requested size: 171.14764pt x 135.3352pt.

pdfTeX warning (ext4): destination with the same identifier (name{fig:my_label}) has been already used, duplicate ignored
<to be read again> 
                   \relax 
l.264 \end{frame}
                 
File: Hourglass-cropped.pdf Graphic file (type pdf)
<use Hourglass-cropped.pdf>
Package pdftex.def Info: Hourglass-cropped.pdf  used on input line 264.
(pdftex.def)             Requested size: 171.14764pt x 138.64108pt.

Overfull \hbox (21.89989pt too wide) in paragraph at lines 264--264
[][] 
 []

File: logo_ITAM.pdf Graphic file (type pdf)
<use logo_ITAM.pdf>
Package pdftex.def Info: logo_ITAM.pdf  used on input line 264.
(pdftex.def)             Requested size: 71.13188pt x 21.8138pt.

Overfull \hbox (21.89989pt too wide) has occurred while \output is active
[][] 
 []

[23

 <./FINALIHOPE-cropped.pdf>]
Overfull \hbox (21.89989pt too wide) in paragraph at lines 271--271
[][] 
 []

File: logo_ITAM.pdf Graphic file (type pdf)
<use logo_ITAM.pdf>
Package pdftex.def Info: logo_ITAM.pdf  used on input line 271.
(pdftex.def)             Requested size: 71.13188pt x 21.8138pt.

Overfull \hbox (21.89989pt too wide) has occurred while \output is active
[][] 
 []

[24

]
<SiSePudo-cropped.pdf, id=817, 359.3425pt x 291.0875pt>
File: SiSePudo-cropped.pdf Graphic file (type pdf)
<use SiSePudo-cropped.pdf>
Package pdftex.def Info: SiSePudo-cropped.pdf  used on input line 280.
(pdftex.def)             Requested size: 205.37926pt x 166.37463pt.

pdfTeX warning (ext4): destination with the same identifier (name{fig:my_label}) has been already used, duplicate ignored
<to be read again> 
                   \relax 
l.280 \end{frame}
                 
Overfull \hbox (21.89989pt too wide) in paragraph at lines 280--280
[][] 
 []

File: logo_ITAM.pdf Graphic file (type pdf)
<use logo_ITAM.pdf>
Package pdftex.def Info: logo_ITAM.pdf  used on input line 280.
(pdftex.def)             Requested size: 71.13188pt x 21.8138pt.

Overfull \hbox (21.89989pt too wide) has occurred while \output is active
[][] 
 []

[25

 <./SiSePudo-cropped.pdf>]
Overfull \hbox (21.89989pt too wide) in paragraph at lines 299--299
[][] 
 []

File: logo_ITAM.pdf Graphic file (type pdf)
<use logo_ITAM.pdf>
Package pdftex.def Info: logo_ITAM.pdf  used on input line 299.
(pdftex.def)             Requested size: 71.13188pt x 21.8138pt.

Overfull \hbox (21.89989pt too wide) has occurred while \output is active
[][] 
 []

[26

]
Overfull \hbox (21.89989pt too wide) in paragraph at lines 305--305
[][] 
 []

File: logo_ITAM.pdf Graphic file (type pdf)
<use logo_ITAM.pdf>
Package pdftex.def Info: logo_ITAM.pdf  used on input line 305.
(pdftex.def)             Requested size: 71.13188pt x 21.8138pt.

Overfull \hbox (21.89989pt too wide) has occurred while \output is active
[][] 
 []

[27

]
<Logo.png, id=908, 192.72pt x 72.9927pt>
File: Logo.png Graphic file (type png)
<use Logo.png>
Package pdftex.def Info: Logo.png  used on input line 314.
(pdftex.def)             Requested size: 342.2953pt x 129.64478pt.

pdfTeX warning (ext4): destination with the same identifier (name{fig:my_label}) has been already used, duplicate ignored
<to be read again> 
                   \relax 
l.314 \end{frame}
                 
Overfull \hbox (21.89989pt too wide) in paragraph at lines 314--314
[][] 
 []

File: logo_ITAM.pdf Graphic file (type pdf)
<use logo_ITAM.pdf>
Package pdftex.def Info: logo_ITAM.pdf  used on input line 314.
(pdftex.def)             Requested size: 71.13188pt x 21.8138pt.

Overfull \hbox (21.89989pt too wide) has occurred while \output is active
[][] 
 []

[28

 <./Logo.png>]

pdfTeX warning: pdflatex.exe (file ./SplitMethod.pdf): PDF inclusion: found PDF version <1.7>, but at most version <1.5> allowed
<SplitMethod.pdf, id=938, 446.66875pt x 361.35pt>
File: SplitMethod.pdf Graphic file (type pdf)
<use SplitMethod.pdf>
Package pdftex.def Info: SplitMethod.pdf  used on input line 324.
(pdftex.def)             Requested size: 256.72147pt x 207.68642pt.

pdfTeX warning (ext4): destination with the same identifier (name{fig:my_label}) has been already used, duplicate ignored
<to be read again> 
                   \relax 
l.324 \end{frame}
                 
Overfull \hbox (21.89989pt too wide) in paragraph at lines 324--324
[][] 
 []

File: logo_ITAM.pdf Graphic file (type pdf)
<use logo_ITAM.pdf>
Package pdftex.def Info: logo_ITAM.pdf  used on input line 324.
(pdftex.def)             Requested size: 71.13188pt x 21.8138pt.

Overfull \hbox (21.89989pt too wide) has occurred while \output is active
[][] 
 []

[29

 <./SplitMethod.pdf>] (./main.toc)
Overfull \hbox (21.89989pt too wide) in paragraph at lines 326--326
[][] 
 []

File: logo_ITAM.pdf Graphic file (type pdf)
<use logo_ITAM.pdf>
Package pdftex.def Info: logo_ITAM.pdf  used on input line 326.
(pdftex.def)             Requested size: 71.13188pt x 21.8138pt.

Overfull \hbox (21.89989pt too wide) has occurred while \output is active
[][] 
 []

[30

]
Overfull \hbox (21.89989pt too wide) in paragraph at lines 342--342
[][] 
 []

File: logo_ITAM.pdf Graphic file (type pdf)
<use logo_ITAM.pdf>
Package pdftex.def Info: logo_ITAM.pdf  used on input line 342.
(pdftex.def)             Requested size: 71.13188pt x 21.8138pt.

Overfull \hbox (21.89989pt too wide) has occurred while \output is active
[][] 
 []

[31

]
Overfull \hbox (21.89989pt too wide) in paragraph at lines 359--359
[][] 
 []

File: logo_ITAM.pdf Graphic file (type pdf)
<use logo_ITAM.pdf>
Package pdftex.def Info: logo_ITAM.pdf  used on input line 359.
(pdftex.def)             Requested size: 71.13188pt x 21.8138pt.

Overfull \hbox (21.89989pt too wide) has occurred while \output is active
[][] 
 []

[32

]
Overfull \hbox (21.89989pt too wide) in paragraph at lines 368--368
[][] 
 []

File: logo_ITAM.pdf Graphic file (type pdf)
<use logo_ITAM.pdf>
Package pdftex.def Info: logo_ITAM.pdf  used on input line 368.
(pdftex.def)             Requested size: 71.13188pt x 21.8138pt.

Overfull \hbox (21.89989pt too wide) has occurred while \output is active
[][] 
 []

[33

]
Overfull \hbox (21.89989pt too wide) in paragraph at lines 368--368
[][] 
 []

File: logo_ITAM.pdf Graphic file (type pdf)
<use logo_ITAM.pdf>
Package pdftex.def Info: logo_ITAM.pdf  used on input line 368.
(pdftex.def)             Requested size: 71.13188pt x 21.8138pt.

Overfull \hbox (21.89989pt too wide) has occurred while \output is active
[][] 
 []

[34

]
Overfull \hbox (21.89989pt too wide) in paragraph at lines 368--368
[][] 
 []

File: logo_ITAM.pdf Graphic file (type pdf)
<use logo_ITAM.pdf>
Package pdftex.def Info: logo_ITAM.pdf  used on input line 368.
(pdftex.def)             Requested size: 71.13188pt x 21.8138pt.

Overfull \hbox (21.89989pt too wide) has occurred while \output is active
[][] 
 []

[35

]
Overfull \hbox (21.89989pt too wide) in paragraph at lines 376--376
[][] 
 []

File: logo_ITAM.pdf Graphic file (type pdf)
<use logo_ITAM.pdf>
Package pdftex.def Info: logo_ITAM.pdf  used on input line 376.
(pdftex.def)             Requested size: 71.13188pt x 21.8138pt.

Overfull \hbox (21.89989pt too wide) has occurred while \output is active
[][] 
 []

[36

]
\tf@nav=\write6
\openout6 = `main.nav'.

\tf@toc=\write7
\openout7 = `main.toc'.

\tf@snm=\write8
\openout8 = `main.snm'.

(./main.aux)

LaTeX Warning: There were multiply-defined labels.

Package rerunfilecheck Info: File `main.out' has not changed.
(rerunfilecheck)             Checksum: 6F4E400D896CF125B9841B3EB2A8414E;914.
 ) 
Here is how much of TeX's memory you used:
 22837 strings out of 480000
 457391 string characters out of 5886762
 716891 words of memory out of 5000000
 40422 multiletter control sequences out of 15000+600000
 482328 words of font info for 76 fonts, out of 8000000 for 9000
 14 hyphenation exceptions out of 8191
 99i,19n,104p,594b,732s stack positions out of 10000i,1000n,20000p,200000b,200000s
<c:/Users/sbzlm3/AppData/Roaming/TinyTeX/texmf-dist/fonts/type1/public/amsfonts/cm/cmex10.pfb><c:/Users/sbzlm3/AppData/Roaming/TinyTeX/texmf-dist/fonts/type1/public/amsfonts/cm/cmmi10.pfb><c:/Users/sbzlm3/AppData/Roaming/TinyTeX/texmf-dist/fonts/type1/public/amsfonts/cm/cmmi8.pfb><c:/Users/sbzlm3/AppData/Roaming/TinyTeX/texmf-dist/fonts/type1/public/amsfonts/cm/cmr10.pfb><c:/Users/sbzlm3/AppData/Roaming/TinyTeX/texmf-dist/fonts/type1/public/amsfonts/cm/cmr7.pfb><c:/Users/sbzlm3/AppData/Roaming/TinyTeX/texmf-dist/fonts/type1/public/amsfonts/cm/cmss10.pfb><c:/Users/sbzlm3/AppData/Roaming/TinyTeX/texmf-dist/fonts/type1/public/amsfonts/cm/cmss12.pfb><c:/Users/sbzlm3/AppData/Roaming/TinyTeX/texmf-dist/fonts/type1/public/amsfonts/cm/cmss8.pfb><c:/Users/sbzlm3/AppData/Roaming/TinyTeX/texmf-dist/fonts/type1/public/amsfonts/cm/cmssbx10.pfb><c:/Users/sbzlm3/AppData/Roaming/TinyTeX/texmf-dist/fonts/type1/public/amsfonts/cm/cmssi10.pfb><c:/Users/sbzlm3/AppData/Roaming/TinyTeX/texmf-dist/fonts/type1/public/amsfonts/cm/cmssi8.pfb><c:/Users/sbzlm3/AppData/Roaming/TinyTeX/texmf-dist/fonts/type1/public/amsfonts/cm/cmsy10.pfb><c:/Users/sbzlm3/AppData/Roaming/TinyTeX/texmf-dist/fonts/type1/public/amsfonts/cm/cmsy6.pfb><c:/Users/sbzlm3/AppData/Roaming/TinyTeX/texmf-dist/fonts/type1/public/amsfonts/cm/cmsy8.pfb><c:/Users/sbzlm3/AppData/Roaming/TinyTeX/texmf-dist/fonts/type1/public/amsfonts/cm/cmti10.pfb><c:/Users/sbzlm3/AppData/Roaming/TinyTeX/texmf-dist/fonts/type1/public/amsfonts/symbols/msbm10.pfb>
Output written on main.pdf (36 pages, 525783 bytes).
PDF statistics:
 1253 PDF objects out of 1440 (max. 8388607)
 1148 compressed objects within 12 object streams
 83 named destinations out of 1000 (max. 500000)
 142 words of extra memory for PDF output out of 10000 (max. 10000000)

